time="2021-04-13T00:00:19+07:00" level=info msg="postgresql: connecting"
time="2021-04-13T00:00:19+07:00" level=info msg="model: auto migrate all models"
time="2021-04-13T00:00:19+07:00" level=info msg="model: initialize model with default values"
time="2021-04-13T00:01:53+07:00" level=info msg="log: closing log file"
time="2021-04-13T00:01:55+07:00" level=info msg="postgresql: connecting"
time="2021-04-13T00:01:55+07:00" level=info msg="model: auto migrate all models"
time="2021-04-13T00:01:55+07:00" level=info msg="model: initialize model with default values"
time="2021-04-13T00:02:16+07:00" level=info msg="log: closing log file"
time="2021-04-13T00:02:17+07:00" level=info msg="postgresql: connecting"
time="2021-04-13T00:02:17+07:00" level=info msg="model: auto migrate all models"
time="2021-04-13T00:02:17+07:00" level=info msg="model: initialize model with default values"
time="2021-04-13T00:04:31+07:00" level=info msg="log: closing log file"
time="2021-04-13T00:04:33+07:00" level=info msg="postgresql: connecting"
time="2021-04-13T00:04:33+07:00" level=info msg="model: auto migrate all models"
time="2021-04-13T00:04:33+07:00" level=info msg="model: initialize model with default values"
time="2021-04-13T00:08:25+07:00" level=info msg="log: closing log file"
time="2021-04-13T00:08:27+07:00" level=info msg="postgresql: connecting"
time="2021-04-13T00:08:27+07:00" level=info msg="model: auto migrate all models"
time="2021-04-13T00:08:27+07:00" level=info msg="model: initialize model with default values"
time="2021-04-13T00:11:32+07:00" level=info msg="log: closing log file"
time="2021-04-13T00:11:34+07:00" level=info msg="postgresql: connecting"
time="2021-04-13T00:11:34+07:00" level=info msg="model: auto migrate all models"
time="2021-04-13T00:11:34+07:00" level=info msg="model: initialize model with default values"
time="2021-04-13T00:13:17+07:00" level=info msg="log: closing log file"
time="2021-04-13T00:13:18+07:00" level=info msg="postgresql: connecting"
time="2021-04-13T00:13:18+07:00" level=info msg="model: auto migrate all models"
time="2021-04-13T00:13:18+07:00" level=info msg="model: initialize model with default values"
time="2021-04-13T00:14:09+07:00" level=info msg="log: closing log file"
time="2021-04-13T00:14:10+07:00" level=info msg="postgresql: connecting"
time="2021-04-13T00:14:10+07:00" level=info msg="model: auto migrate all models"
time="2021-04-13T00:14:10+07:00" level=info msg="model: initialize model with default values"
time="2021-04-13T00:15:22+07:00" level=info msg="log: closing log file"
time="2021-04-13T00:15:24+07:00" level=info msg="postgresql: connecting"
time="2021-04-13T00:15:24+07:00" level=info msg="model: auto migrate all models"
time="2021-04-13T00:15:24+07:00" level=info msg="model: initialize model with default values"
time="2021-04-13T00:16:34+07:00" level=info msg="log: closing log file"
time="2021-04-13T00:16:36+07:00" level=info msg="postgresql: connecting"
time="2021-04-13T00:16:36+07:00" level=info msg="model: auto migrate all models"
time="2021-04-13T00:16:36+07:00" level=info msg="model: initialize model with default values"
time="2021-04-13T00:17:56+07:00" level=info msg="log: closing log file"
time="2021-04-13T00:17:58+07:00" level=info msg="postgresql: connecting"
time="2021-04-13T00:17:58+07:00" level=info msg="model: auto migrate all models"
time="2021-04-13T00:17:58+07:00" level=info msg="model: initialize model with default values"
time="2021-04-13T00:18:10+07:00" level=info msg="log: closing log file"
time="2021-04-13T00:18:11+07:00" level=info msg="postgresql: connecting"
time="2021-04-13T00:18:11+07:00" level=info msg="model: auto migrate all models"
time="2021-04-13T00:18:11+07:00" level=info msg="model: initialize model with default values"
time="2021-04-13T00:41:23+07:00" level=info msg="log: closing log file"
time="2021-04-13T00:42:13+07:00" level=info msg="postgresql: connecting"
time="2021-04-13T00:42:13+07:00" level=info msg="model: auto migrate all models"
time="2021-04-13T00:42:13+07:00" level=info msg="model: initialize model with default values"
time="2021-04-13T00:57:56+07:00" level=info msg="log: closing log file"
time="2021-04-13T00:58:08+07:00" level=info msg="postgresql: connecting"
time="2021-04-13T00:58:08+07:00" level=info msg="model: auto migrate all models"
time="2021-04-13T00:58:08+07:00" level=info msg="model: initialize model with default values"
time="2021-04-13T00:58:40+07:00" level=info msg="log: closing log file"
time="2021-04-13T00:58:41+07:00" level=info msg="postgresql: connecting"
time="2021-04-13T00:58:41+07:00" level=info msg="model: auto migrate all models"
time="2021-04-13T00:58:42+07:00" level=info msg="model: initialize model with default values"
time="2021-04-13T01:13:48+07:00" level=info msg="log: closing log file"
time="2021-04-13T01:13:49+07:00" level=info msg="postgresql: connecting"
time="2021-04-13T01:13:49+07:00" level=info msg="model: auto migrate all models"
time="2021-04-13T01:13:49+07:00" level=info msg="model: initialize model with default values"
time="2021-04-13T01:15:50+07:00" level=info msg="log: closing log file"
time="2021-04-13T01:15:51+07:00" level=info msg="postgresql: connecting"
time="2021-04-13T01:15:51+07:00" level=info msg="model: auto migrate all models"
time="2021-04-13T01:15:51+07:00" level=info msg="model: initialize model with default values"
time="2021-04-13T01:17:14+07:00" level=info msg="log: closing log file"
time="2021-04-13T01:17:16+07:00" level=info msg="postgresql: connecting"
time="2021-04-13T01:17:16+07:00" level=info msg="model: auto migrate all models"
time="2021-04-13T01:17:16+07:00" level=info msg="model: initialize model with default values"
time="2021-04-13T01:26:11+07:00" level=info msg="log: closing log file"
time="2021-04-13T01:26:13+07:00" level=info msg="postgresql: connecting"
time="2021-04-13T01:26:13+07:00" level=info msg="model: auto migrate all models"
time="2021-04-13T01:26:13+07:00" level=info msg="model: initialize model with default values"
time="2021-04-13T01:27:30+07:00" level=info msg="log: closing log file"
time="2021-04-13T01:27:32+07:00" level=info msg="postgresql: connecting"
time="2021-04-13T01:27:32+07:00" level=info msg="model: auto migrate all models"
time="2021-04-13T01:27:32+07:00" level=info msg="model: initialize model with default values"
time="2021-04-13T01:28:09+07:00" level=info msg="log: closing log file"
time="2021-04-13T01:28:11+07:00" level=info msg="postgresql: connecting"
time="2021-04-13T01:28:11+07:00" level=info msg="model: auto migrate all models"
time="2021-04-13T01:28:11+07:00" level=info msg="model: initialize model with default values"
time="2021-04-13T01:30:11+07:00" level=info msg="log: closing log file"
time="2021-04-13T01:30:13+07:00" level=info msg="postgresql: connecting"
time="2021-04-13T01:30:13+07:00" level=info msg="model: auto migrate all models"
time="2021-04-13T01:30:13+07:00" level=fatal msg="ERROR: column \"name\" does not exist (SQLSTATE 42703)"
time="2021-04-13T01:30:54+07:00" level=info msg="postgresql: connecting"
time="2021-04-13T01:30:54+07:00" level=info msg="model: auto migrate all models"
time="2021-04-13T01:30:54+07:00" level=info msg="model: initialize model with default values"
time="2021-04-13T01:33:02+07:00" level=info msg="log: closing log file"
time="2021-04-13T01:33:04+07:00" level=info msg="postgresql: connecting"
time="2021-04-13T01:33:04+07:00" level=info msg="model: auto migrate all models"
time="2021-04-13T01:33:04+07:00" level=info msg="model: initialize model with default values"
time="2021-04-13T01:36:31+07:00" level=info msg="log: closing log file"
time="2021-04-13T01:36:32+07:00" level=info msg="postgresql: connecting"
time="2021-04-13T01:36:32+07:00" level=info msg="model: auto migrate all models"
time="2021-04-13T01:36:32+07:00" level=info msg="model: initialize model with default values"
time="2021-04-13T01:40:47+07:00" level=info msg="log: closing log file"
time="2021-04-13T01:42:17+07:00" level=info msg="postgresql: connecting"
time="2021-04-13T01:42:17+07:00" level=info msg="model: auto migrate all models"
time="2021-04-13T01:42:17+07:00" level=info msg="model: initialize model with default values"
time="2021-04-13T01:44:49+07:00" level=info msg="log: closing log file"
time="2021-04-13T01:44:52+07:00" level=info msg="postgresql: connecting"
time="2021-04-13T01:44:52+07:00" level=info msg="model: auto migrate all models"
time="2021-04-13T01:44:52+07:00" level=info msg="model: initialize model with default values"
