time="2021-04-12T22:37:23+07:00" level=info msg="postgresql: connecting"
time="2021-04-12T22:37:23+07:00" level=fatal msg="postgresql: failed to connect, detail: 'failed to connect to `host=localhost user=test-db database=postgres`: server error (FATAL: password authentication failed for user \"test-db\" (SQLSTATE 28P01))'"
time="2021-04-12T22:39:19+07:00" level=info msg="postgresql: connecting"
time="2021-04-12T22:39:19+07:00" level=info msg="model: auto migrate all models"
time="2021-04-12T22:39:19+07:00" level=info msg="model: initialize model with default values"
time="2021-04-12T22:57:57+07:00" level=info msg="log: closing log file"
time="2021-04-12T22:57:59+07:00" level=info msg="postgresql: connecting"
time="2021-04-12T22:57:59+07:00" level=info msg="model: auto migrate all models"
time="2021-04-12T22:57:59+07:00" level=info msg="model: initialize model with default values"
time="2021-04-12T23:01:34+07:00" level=info msg="log: closing log file"
time="2021-04-12T23:01:36+07:00" level=info msg="postgresql: connecting"
time="2021-04-12T23:01:36+07:00" level=info msg="model: auto migrate all models"
time="2021-04-12T23:01:36+07:00" level=info msg="model: initialize model with default values"
time="2021-04-12T23:02:10+07:00" level=info msg="log: closing log file"
time="2021-04-12T23:02:12+07:00" level=info msg="postgresql: connecting"
time="2021-04-12T23:02:12+07:00" level=info msg="model: auto migrate all models"
time="2021-04-12T23:02:12+07:00" level=info msg="model: initialize model with default values"
time="2021-04-12T23:08:03+07:00" level=info msg="log: closing log file"
time="2021-04-12T23:08:06+07:00" level=info msg="postgresql: connecting"
time="2021-04-12T23:08:06+07:00" level=info msg="model: auto migrate all models"
time="2021-04-12T23:08:06+07:00" level=info msg="model: initialize model with default values"
time="2021-04-12T23:37:06+07:00" level=info msg="log: closing log file"
time="2021-04-12T23:37:07+07:00" level=info msg="postgresql: connecting"
time="2021-04-12T23:37:07+07:00" level=info msg="model: auto migrate all models"
time="2021-04-12T23:37:07+07:00" level=info msg="model: initialize model with default values"
time="2021-04-12T23:38:22+07:00" level=info msg="log: closing log file"
time="2021-04-12T23:38:27+07:00" level=info msg="postgresql: connecting"
time="2021-04-12T23:38:27+07:00" level=info msg="model: auto migrate all models"
time="2021-04-12T23:38:27+07:00" level=info msg="model: initialize model with default values"
time="2021-04-12T23:44:31+07:00" level=info msg="log: closing log file"
time="2021-04-12T23:44:33+07:00" level=info msg="postgresql: connecting"
time="2021-04-12T23:44:33+07:00" level=info msg="model: auto migrate all models"
time="2021-04-12T23:44:33+07:00" level=fatal msg="invalid field found for struct backend-services/handlers/models/users.Users's field Roles, need to define a valid foreign key for relations or it need to implement the Valuer/Scanner interface"
time="2021-04-12T23:47:16+07:00" level=info msg="postgresql: connecting"
time="2021-04-12T23:47:16+07:00" level=info msg="model: auto migrate all models"
time="2021-04-12T23:47:16+07:00" level=info msg="model: initialize model with default values"
time="2021-04-12T23:48:28+07:00" level=info msg="log: closing log file"
time="2021-04-12T23:48:29+07:00" level=info msg="postgresql: connecting"
time="2021-04-12T23:48:29+07:00" level=info msg="model: auto migrate all models"
time="2021-04-12T23:48:29+07:00" level=info msg="model: initialize model with default values"
time="2021-04-12T23:49:21+07:00" level=info msg="log: closing log file"
time="2021-04-12T23:49:22+07:00" level=info msg="postgresql: connecting"
time="2021-04-12T23:49:22+07:00" level=info msg="model: auto migrate all models"
time="2021-04-12T23:49:22+07:00" level=info msg="model: initialize model with default values"
time="2021-04-12T23:50:08+07:00" level=info msg="log: closing log file"
time="2021-04-12T23:50:10+07:00" level=info msg="postgresql: connecting"
time="2021-04-12T23:50:10+07:00" level=info msg="model: auto migrate all models"
time="2021-04-12T23:50:10+07:00" level=info msg="model: initialize model with default values"
time="2021-04-12T23:51:22+07:00" level=info msg="log: closing log file"
time="2021-04-12T23:51:23+07:00" level=info msg="postgresql: connecting"
time="2021-04-12T23:51:23+07:00" level=info msg="model: auto migrate all models"
time="2021-04-12T23:51:23+07:00" level=info msg="model: initialize model with default values"
time="2021-04-12T23:51:57+07:00" level=info msg="log: closing log file"
time="2021-04-12T23:51:59+07:00" level=info msg="postgresql: connecting"
time="2021-04-12T23:51:59+07:00" level=info msg="model: auto migrate all models"
time="2021-04-12T23:51:59+07:00" level=info msg="model: initialize model with default values"
time="2021-04-12T23:52:15+07:00" level=info msg="log: closing log file"
time="2021-04-12T23:52:17+07:00" level=info msg="postgresql: connecting"
time="2021-04-12T23:52:17+07:00" level=info msg="model: auto migrate all models"
time="2021-04-12T23:52:17+07:00" level=info msg="model: initialize model with default values"
time="2021-04-12T23:53:38+07:00" level=info msg="log: closing log file"
time="2021-04-12T23:53:40+07:00" level=info msg="postgresql: connecting"
time="2021-04-12T23:53:40+07:00" level=info msg="model: auto migrate all models"
time="2021-04-12T23:53:40+07:00" level=info msg="model: initialize model with default values"
time="2021-04-12T23:58:33+07:00" level=info msg="log: closing log file"
time="2021-04-12T23:58:35+07:00" level=info msg="postgresql: connecting"
time="2021-04-12T23:58:35+07:00" level=info msg="model: auto migrate all models"
time="2021-04-12T23:58:35+07:00" level=info msg="model: initialize model with default values"
time="2021-04-13T00:00:17+07:00" level=info msg="log: closing log file"
