time="2021-04-24T22:58:40+07:00" level=info msg="postgresql: connecting"
time="2021-04-24T22:58:40+07:00" level=info msg="model: auto migrate all models"
time="2021-04-24T22:58:40+07:00" level=info msg="model: initialize model with default values"
time="2021-04-24T23:00:23+07:00" level=info msg="log: closing log file"
time="2021-04-24T23:07:14+07:00" level=info msg="postgresql: connecting"
time="2021-04-24T23:07:14+07:00" level=info msg="model: auto migrate all models"
time="2021-04-24T23:07:14+07:00" level=info msg="model: initialize model with default values"
time="2021-04-24T23:09:09+07:00" level=info msg="log: closing log file"
time="2021-04-24T23:09:10+07:00" level=info msg="postgresql: connecting"
time="2021-04-24T23:09:10+07:00" level=info msg="model: auto migrate all models"
time="2021-04-24T23:09:11+07:00" level=info msg="model: initialize model with default values"
time="2021-04-24T23:13:58+07:00" level=info msg="log: closing log file"
time="2021-04-24T23:14:06+07:00" level=info msg="postgresql: connecting"
time="2021-04-24T23:14:06+07:00" level=info msg="model: auto migrate all models"
time="2021-04-24T23:14:06+07:00" level=info msg="model: initialize model with default values"
time="2021-04-24T23:14:32+07:00" level=info msg="log: closing log file"
time="2021-04-24T23:14:41+07:00" level=info msg="postgresql: connecting"
time="2021-04-24T23:14:41+07:00" level=info msg="model: auto migrate all models"
time="2021-04-24T23:14:41+07:00" level=info msg="model: initialize model with default values"
time="2021-04-24T23:17:15+07:00" level=info msg="log: closing log file"
time="2021-04-24T23:17:20+07:00" level=info msg="postgresql: connecting"
time="2021-04-24T23:17:20+07:00" level=info msg="model: auto migrate all models"
time="2021-04-24T23:17:20+07:00" level=info msg="model: initialize model with default values"
time="2021-04-24T23:17:36+07:00" level=info msg="log: closing log file"
time="2021-04-24T23:17:38+07:00" level=info msg="postgresql: connecting"
time="2021-04-24T23:17:38+07:00" level=info msg="model: auto migrate all models"
time="2021-04-24T23:17:38+07:00" level=info msg="model: initialize model with default values"
time="2021-04-24T23:19:37+07:00" level=info msg="log: closing log file"
time="2021-04-24T23:19:40+07:00" level=info msg="postgresql: connecting"
time="2021-04-24T23:19:40+07:00" level=info msg="model: auto migrate all models"
time="2021-04-24T23:19:40+07:00" level=info msg="model: initialize model with default values"
time="2021-04-24T23:19:53+07:00" level=info msg="log: closing log file"
time="2021-04-24T23:19:55+07:00" level=info msg="postgresql: connecting"
time="2021-04-24T23:19:55+07:00" level=info msg="model: auto migrate all models"
time="2021-04-24T23:19:55+07:00" level=fatal msg="ERROR: function uuid_generate_v4() does not exist (SQLSTATE 42883)"
time="2021-04-24T23:24:18+07:00" level=info msg="postgresql: connecting"
time="2021-04-24T23:24:18+07:00" level=info msg="model: auto migrate all models"
time="2021-04-24T23:24:18+07:00" level=fatal msg="ERROR: function uuid_generate_v4() does not exist (SQLSTATE 42883)"
time="2021-04-24T23:24:24+07:00" level=info msg="postgresql: connecting"
time="2021-04-24T23:24:24+07:00" level=info msg="model: auto migrate all models"
time="2021-04-24T23:24:24+07:00" level=fatal msg="ERROR: function uuid_generate_v4() does not exist (SQLSTATE 42883)"
time="2021-04-24T23:25:46+07:00" level=info msg="postgresql: connecting"
time="2021-04-24T23:25:46+07:00" level=info msg="model: auto migrate all models"
time="2021-04-24T23:25:46+07:00" level=fatal msg="ERROR: function uuid_generate_v4() does not exist (SQLSTATE 42883)"
time="2021-04-24T23:25:50+07:00" level=info msg="postgresql: connecting"
time="2021-04-24T23:25:50+07:00" level=info msg="model: auto migrate all models"
time="2021-04-24T23:25:50+07:00" level=fatal msg="ERROR: function uuid_generate_v4() does not exist (SQLSTATE 42883)"
time="2021-04-24T23:25:52+07:00" level=info msg="postgresql: connecting"
time="2021-04-24T23:25:52+07:00" level=info msg="model: auto migrate all models"
time="2021-04-24T23:25:52+07:00" level=fatal msg="ERROR: function uuid_generate_v4() does not exist (SQLSTATE 42883)"
time="2021-04-24T23:25:53+07:00" level=info msg="postgresql: connecting"
time="2021-04-24T23:25:53+07:00" level=info msg="model: auto migrate all models"
time="2021-04-24T23:25:53+07:00" level=fatal msg="ERROR: function uuid_generate_v4() does not exist (SQLSTATE 42883)"
