time="2021-04-25T00:15:48+07:00" level=info msg="postgresql: connecting"
time="2021-04-25T00:15:48+07:00" level=info msg="model: auto migrate all models"
time="2021-04-25T00:15:48+07:00" level=fatal msg="ERROR: function uuid_generate_v4() does not exist (SQLSTATE 42883)"
time="2021-04-25T00:18:09+07:00" level=info msg="postgresql: connecting"
time="2021-04-25T00:18:09+07:00" level=info msg="model: auto migrate all models"
time="2021-04-25T00:18:09+07:00" level=info msg="model: initialize model with default values"
time="2021-04-25T00:19:27+07:00" level=info msg="log: closing log file"
time="2021-04-25T00:19:28+07:00" level=info msg="postgresql: connecting"
time="2021-04-25T00:19:28+07:00" level=info msg="model: auto migrate all models"
time="2021-04-25T00:19:28+07:00" level=info msg="model: initialize model with default values"
time="2021-04-25T00:22:34+07:00" level=info msg="log: closing log file"
time="2021-04-25T00:22:36+07:00" level=info msg="postgresql: connecting"
time="2021-04-25T00:22:36+07:00" level=info msg="model: auto migrate all models"
time="2021-04-25T00:22:36+07:00" level=info msg="model: initialize model with default values"
time="2021-04-25T00:23:49+07:00" level=info msg="log: closing log file"
time="2021-04-25T00:23:50+07:00" level=info msg="postgresql: connecting"
time="2021-04-25T00:23:50+07:00" level=info msg="model: auto migrate all models"
time="2021-04-25T00:23:50+07:00" level=info msg="model: initialize model with default values"
time="2021-04-25T00:23:56+07:00" level=info msg="log: closing log file"
time="2021-04-25T00:23:58+07:00" level=info msg="postgresql: connecting"
time="2021-04-25T00:23:58+07:00" level=info msg="model: auto migrate all models"
time="2021-04-25T00:23:58+07:00" level=info msg="model: initialize model with default values"
time="2021-04-25T00:26:29+07:00" level=info msg="log: closing log file"
time="2021-04-25T00:26:30+07:00" level=info msg="postgresql: connecting"
time="2021-04-25T00:26:30+07:00" level=info msg="model: auto migrate all models"
time="2021-04-25T00:26:31+07:00" level=info msg="model: initialize model with default values"
time="2021-04-25T00:28:45+07:00" level=info msg="log: closing log file"
time="2021-04-25T00:28:46+07:00" level=info msg="postgresql: connecting"
time="2021-04-25T00:28:46+07:00" level=info msg="model: auto migrate all models"
time="2021-04-25T00:28:46+07:00" level=info msg="model: initialize model with default values"
time="2021-04-25T00:31:05+07:00" level=info msg="log: closing log file"
time="2021-04-25T00:31:07+07:00" level=info msg="postgresql: connecting"
time="2021-04-25T00:31:07+07:00" level=info msg="model: auto migrate all models"
time="2021-04-25T00:31:07+07:00" level=info msg="model: initialize model with default values"
time="2021-04-25T00:33:46+07:00" level=info msg="log: closing log file"
time="2021-04-25T00:33:48+07:00" level=info msg="postgresql: connecting"
time="2021-04-25T00:33:48+07:00" level=info msg="model: auto migrate all models"
time="2021-04-25T00:33:48+07:00" level=info msg="model: initialize model with default values"
time="2021-04-25T00:34:06+07:00" level=info msg="log: closing log file"
time="2021-04-25T00:34:08+07:00" level=info msg="postgresql: connecting"
time="2021-04-25T00:34:08+07:00" level=info msg="model: auto migrate all models"
time="2021-04-25T00:34:08+07:00" level=info msg="model: initialize model with default values"
time="2021-04-25T00:34:44+07:00" level=info msg="log: closing log file"
time="2021-04-25T00:34:46+07:00" level=info msg="postgresql: connecting"
time="2021-04-25T00:34:46+07:00" level=info msg="model: auto migrate all models"
time="2021-04-25T00:34:46+07:00" level=info msg="model: initialize model with default values"
time="2021-04-25T00:35:04+07:00" level=info msg="log: closing log file"
time="2021-04-25T00:35:05+07:00" level=info msg="postgresql: connecting"
time="2021-04-25T00:35:05+07:00" level=info msg="model: auto migrate all models"
time="2021-04-25T00:35:05+07:00" level=info msg="model: initialize model with default values"
